1729671993759	geckodriver	INFO	Listening on 127.0.0.1:51188
1729671996832	mozrunner::runner	INFO	Running command: "C:\\Users\\Balaji_Dinakaran\\.cache\\selenium\\firefox\\win64\\131.0.3\\firefox.exe" "--marionette" "--remo ... "--remote-allow-hosts" "localhost" "-no-remote" "-profile" "C:\\Users\\BALAJI~1\\AppData\\Local\\Temp\\rust_mozprofileNETh68"
console.warn: services.settings: Ignoring preference override of remote settings server
console.warn: services.settings: Allow by setting MOZ_REMOTE_SETTINGS_DEVTOOLS=1 in the environment
Dynamically enable window occlusion 0
1729671997511	Marionette	INFO	Marionette enabled
1729671999067	Marionette	INFO	Listening on port 51213
Read port: 51213
WebDriver BiDi listening on ws://127.0.0.1:51189
1729671999631	RemoteAgent	WARN	TLS certificate errors will be ignored for this session
1729672004845	Marionette	INFO	Stopped listening on port 51213
Dynamically enable window occlusion 1
1729672004867	CDP	WARN	Failed to remove undefined (Could not remove `undefined': could not parse path (NS_ERROR_FILE_UNRECOGNIZED_PATH))
console.error: WebExtensions: 
  Message: [Exception... "#init: abandoning init due to shutting down"  nsresult: "0x80004004 (NS_ERROR_ABORT)"  location: "JS frame :: resource://gre/modules/SearchService.sys.mjs :: #init :: line 1340"  data: no]
  Stack:
    #init@resource://gre/modules/SearchService.sys.mjs:1340:27

console.error: "Failed to import bookmarks from chrome://browser/content/default-bookmarks.html:" ({})
console.error: "Bookmarks.html file could be corrupt. " ({})
JavaScript error: resource://gre/modules/SearchService.sys.mjs, line 1340: NS_ERROR_ABORT: #init: abandoning init due to shutting down
JavaScript error: resource://gre/modules/SearchService.sys.mjs, line 1340: NS_ERROR_ABORT: #init: abandoning init due to shutting down
JavaScript error: resource://gre/modules/SearchService.sys.mjs, line 1340: NS_ERROR_ABORT: #init: abandoning init due to shutting down
JavaScript error: resource:///modules/SearchModeSwitcher.sys.mjs, line 254: TypeError: engine is null
